<?xml version="1.0" encoding="UTF-8"?>
<!-- Generated by org.testng.reporters.JUnitReportReporter -->
<testsuite hostname="Jani-PC" failures="0" tests="4" name="testJava.LoginPageTest" time="7.712" errors="0" timestamp="2022-05-27T20:47:37 IST" skipped="1">
  <testcase classname="testJava.LoginPageTest" name="verifyTitle" time="0.012"/>
  <system-out/>
  <testcase classname="testJava.LoginPageTest" name="verifyURL" time="0.025"/>
  <system-out/>
  <testcase classname="testJava.LoginPageTest" name="positiveLogin" time="7.675"/>
  <system-out/>
  <testcase classname="testJava.LoginPageTest" name="negativeLogin">
    <skipped/>
  </testcase> <!-- negativeLogin -->
  <system-out/>
</testsuite> <!-- testJava.LoginPageTest -->
